0 info it worked if it ends with ok
1 verbose cli [ '/usr/bin/nodejs', '/usr/bin/npm', 'run', 'watch' ]
2 info using npm@4.1.2
3 info using node@v7.7.2
4 verbose run-script [ 'prewatch', 'watch', 'postwatch' ]
5 info lifecycle webpack-2.0-from-scratch@1.0.0~prewatch: webpack-2.0-from-scratch@1.0.0
6 silly lifecycle webpack-2.0-from-scratch@1.0.0~prewatch: no script for prewatch, continuing
7 info lifecycle webpack-2.0-from-scratch@1.0.0~watch: webpack-2.0-from-scratch@1.0.0
8 verbose lifecycle webpack-2.0-from-scratch@1.0.0~watch: unsafe-perm in lifecycle true
9 verbose lifecycle webpack-2.0-from-scratch@1.0.0~watch: PATH: /usr/lib/node_modules/npm/bin/node-gyp-bin:/home/francis/webpack/webpack-2.0-from-scratch/node_modules/.bin:/home/francis/bin:/home/francis/.local/bin:/home/francis/anaconda3/bin:/home/francis/.rvm/gems/ruby-2.3.3/bin:/home/francis/.rvm/gems/ruby-2.3.3@global/bin:/home/francis/.rvm/rubies/ruby-2.3.3/bin:/home/francis/bin:/home/francis/.local/bin:/usr/local/sbin:/usr/local/bin:/usr/sbin:/usr/bin:/sbin:/bin:/usr/games:/usr/local/games:/snap/bin:/home/francis/.rvm/bin:/snap/bin:/home/francis/.rvm/bin:/usr/local/bin:/home/francis/.rvm/bin
10 verbose lifecycle webpack-2.0-from-scratch@1.0.0~watch: CWD: /home/francis/webpack/webpack-2.0-from-scratch
11 silly lifecycle webpack-2.0-from-scratch@1.0.0~watch: Args: [ '-c', 'webpack --watch' ]
12 silly lifecycle webpack-2.0-from-scratch@1.0.0~watch: Returned: code: 1  signal: null
13 info lifecycle webpack-2.0-from-scratch@1.0.0~watch: Failed to exec watch script
14 verbose stack Error: webpack-2.0-from-scratch@1.0.0 watch: `webpack --watch`
14 verbose stack Exit status 1
14 verbose stack     at EventEmitter.<anonymous> (/usr/lib/node_modules/npm/lib/utils/lifecycle.js:279:16)
14 verbose stack     at emitTwo (events.js:106:13)
14 verbose stack     at EventEmitter.emit (events.js:194:7)
14 verbose stack     at ChildProcess.<anonymous> (/usr/lib/node_modules/npm/lib/utils/spawn.js:40:14)
14 verbose stack     at emitTwo (events.js:106:13)
14 verbose stack     at ChildProcess.emit (events.js:194:7)
14 verbose stack     at maybeClose (internal/child_process.js:899:16)
14 verbose stack     at Process.ChildProcess._handle.onexit (internal/child_process.js:226:5)
15 verbose pkgid webpack-2.0-from-scratch@1.0.0
16 verbose cwd /home/francis/webpack/webpack-2.0-from-scratch
17 error Linux 4.4.0-75-generic
18 error argv "/usr/bin/nodejs" "/usr/bin/npm" "run" "watch"
19 error node v7.7.2
20 error npm  v4.1.2
21 error code ELIFECYCLE
22 error webpack-2.0-from-scratch@1.0.0 watch: `webpack --watch`
22 error Exit status 1
23 error Failed at the webpack-2.0-from-scratch@1.0.0 watch script 'webpack --watch'.
23 error Make sure you have the latest version of node.js and npm installed.
23 error If you do, this is most likely a problem with the webpack-2.0-from-scratch package,
23 error not with npm itself.
23 error Tell the author that this fails on your system:
23 error     webpack --watch
23 error You can get information on how to open an issue for this project with:
23 error     npm bugs webpack-2.0-from-scratch
23 error Or if that isn't available, you can get their info via:
23 error     npm owner ls webpack-2.0-from-scratch
23 error There is likely additional logging output above.
24 verbose exit [ 1, true ]
